# JRE version: Java(TM) SE Runtime Environment (8.0-b128) (build 1.8.0-b128)
# Java VM: Java HotSpot(TM) 64-Bit Server VM (25.0-b69 mixed mode windows-amd64 compressed oops)
Heap:
 PSYoungGen      total 15872K, used 6K [0x00000000eab00000, 0x00000000ec500000, 0x0000000100000000)
  eden space 12800K, 0% used [0x00000000eab00000,0x00000000eab01a10,0x00000000eb780000)
  from space 3072K, 0% used [0x00000000eb780000,0x00000000eb780000,0x00000000eba80000)
  to   space 3072K, 0% used [0x00000000ec200000,0x00000000ec200000,0x00000000ec500000)
 ParOldGen       total 10240K, used 7130K [0x00000000c0000000, 0x00000000c0a00000, 0x00000000eab00000)
  object space 10240K, 69% used [0x00000000c0000000,0x00000000c06f6888,0x00000000c0a00000)
 Metaspace       used 20906K, capacity 21184K, committed 21504K, reserved 1069056K
  class space    used 2718K, capacity 2801K, committed 2816K, reserved 1048576K
GC Heap History (10 events):
Event: 1.114 GC heap before
{Heap before GC invocations=8 (full 0):
 PSYoungGen      total 5632K, used 5628K [0x00000000eab00000, 0x00000000eb700000, 0x0000000100000000)
  eden space 4096K, 100% used [0x00000000eab00000,0x00000000eaf00000,0x00000000eaf00000)
  from space 1536K, 99% used [0x00000000eaf00000,0x00000000eb07f2f0,0x00000000eb080000)
  to   space 2048K, 0% used [0x00000000eb500000,0x00000000eb500000,0x00000000eb700000)
 ParOldGen       total 258560K, used 2836K [0x00000000c0000000, 0x00000000cfc80000, 0x00000000eab00000)
  object space 258560K, 1% used [0x00000000c0000000,0x00000000c02c5028,0x00000000cfc80000)
 Metaspace       used 10472K, capacity 10636K, committed 10880K, reserved 1058816K
  class space    used 1298K, capacity 1324K, committed 1408K, reserved 1048576K
Event: 1.115 GC heap after
Heap after GC invocations=8 (full 0):
 PSYoungGen      total 10240K, used 1314K [0x00000000eab00000, 0x00000000eb700000, 0x0000000100000000)
  eden space 8192K, 0% used [0x00000000eab00000,0x00000000eab00000,0x00000000eb300000)
  from space 2048K, 64% used [0x00000000eb500000,0x00000000eb648870,0x00000000eb700000)
  to   space 2048K, 0% used [0x00000000eb300000,0x00000000eb300000,0x00000000eb500000)
 ParOldGen       total 258560K, used 2988K [0x00000000c0000000, 0x00000000cfc80000, 0x00000000eab00000)
  object space 258560K, 1% used [0x00000000c0000000,0x00000000c02eb028,0x00000000cfc80000)
 Metaspace       used 10472K, capacity 10636K, committed 10880K, reserved 1058816K
  class space    used 1298K, capacity 1324K, committed 1408K, reserved 1048576K
}
Event: 1.834 GC heap before
{Heap before GC invocations=9 (full 0):
 PSYoungGen      total 10240K, used 9506K [0x00000000eab00000, 0x00000000eb700000, 0x0000000100000000)
  eden space 8192K, 100% used [0x00000000eab00000,0x00000000eb300000,0x00000000eb300000)
  from space 2048K, 64% used [0x00000000eb500000,0x00000000eb648870,0x00000000eb700000)
  to   space 2048K, 0% used [0x00000000eb300000,0x00000000eb300000,0x00000000eb500000)
 ParOldGen       total 258560K, used 2988K [0x00000000c0000000, 0x00000000cfc80000, 0x00000000eab00000)
  object space 258560K, 1% used [0x00000000c0000000,0x00000000c02eb028,0x00000000cfc80000)
 Metaspace       used 16696K, capacity 16824K, committed 17024K, reserved 1064960K
  class space    used 2081K, capacity 2127K, committed 2176K, reserved 1048576K
Event: 1.836 GC heap after
Heap after GC invocations=9 (full 0):
 PSYoungGen      total 10240K, used 2023K [0x00000000eab00000, 0x00000000ebd00000, 0x0000000100000000)
  eden space 8192K, 0% used [0x00000000eab00000,0x00000000eab00000,0x00000000eb300000)
  from space 2048K, 98% used [0x00000000eb300000,0x00000000eb4f9d38,0x00000000eb500000)
  to   space 2560K, 0% used [0x00000000eba80000,0x00000000eba80000,0x00000000ebd00000)
 ParOldGen       total 258560K, used 3785K [0x00000000c0000000, 0x00000000cfc80000, 0x00000000eab00000)
  object space 258560K, 1% used [0x00000000c0000000,0x00000000c03b2500,0x00000000cfc80000)
 Metaspace       used 16696K, capacity 16824K, committed 17024K, reserved 1064960K
  class space    used 2081K, capacity 2127K, committed 2176K, reserved 1048576K
}
Event: 1.973 GC heap before
{Heap before GC invocations=10 (full 0):
 PSYoungGen      total 10240K, used 10215K [0x00000000eab00000, 0x00000000ebd00000, 0x0000000100000000)
  eden space 8192K, 100% used [0x00000000eab00000,0x00000000eb300000,0x00000000eb300000)
  from space 2048K, 98% used [0x00000000eb300000,0x00000000eb4f9d38,0x00000000eb500000)
  to   space 2560K, 0% used [0x00000000eba80000,0x00000000eba80000,0x00000000ebd00000)
 ParOldGen       total 258560K, used 3785K [0x00000000c0000000, 0x00000000cfc80000, 0x00000000eab00000)
  object space 258560K, 1% used [0x00000000c0000000,0x00000000c03b2500,0x00000000cfc80000)
 Metaspace       used 19319K, capacity 19424K, committed 19712K, reserved 1067008K
  class space    used 2455K, capacity 2513K, committed 2560K, reserved 1048576K
Event: 1.976 GC heap after
Heap after GC invocations=10 (full 0):
 PSYoungGen      total 15360K, used 2535K [0x00000000eab00000, 0x00000000ebe00000, 0x0000000100000000)
  eden space 12800K, 0% used [0x00000000eab00000,0x00000000eab00000,0x00000000eb780000)
  from space 2560K, 99% used [0x00000000eba80000,0x00000000ebcf9d38,0x00000000ebd00000)
  to   space 3072K, 0% used [0x00000000eb780000,0x00000000eb780000,0x00000000eba80000)
 ParOldGen       total 258560K, used 4302K [0x00000000c0000000, 0x00000000cfc80000, 0x00000000eab00000)
  object space 258560K, 1% used [0x00000000c0000000,0x00000000c04339d8,0x00000000cfc80000)
 Metaspace       used 19319K, capacity 19424K, committed 19712K, reserved 1067008K
  class space    used 2455K, capacity 2513K, committed 2560K, reserved 1048576K
}
Event: 2.161 GC heap before
{Heap before GC invocations=11 (full 0):
 PSYoungGen      total 15360K, used 13804K [0x00000000eab00000, 0x00000000ebe00000, 0x0000000100000000)
  eden space 12800K, 88% used [0x00000000eab00000,0x00000000eb601448,0x00000000eb780000)
  from space 2560K, 99% used [0x00000000eba80000,0x00000000ebcf9d38,0x00000000ebd00000)
  to   space 3072K, 0% used [0x00000000eb780000,0x00000000eb780000,0x00000000eba80000)
 ParOldGen       total 258560K, used 4302K [0x00000000c0000000, 0x00000000cfc80000, 0x00000000eab00000)
  object space 258560K, 1% used [0x00000000c0000000,0x00000000c04339d8,0x00000000cfc80000)
 Metaspace       used 20905K, capacity 21120K, committed 21248K, reserved 1067008K
  class space    used 2718K, capacity 2801K, committed 2816K, reserved 1048576K
Event: 2.164 GC heap after
Heap after GC invocations=11 (full 0):
 PSYoungGen      total 15872K, used 1584K [0x00000000eab00000, 0x00000000ec500000, 0x0000000100000000)
  eden space 12800K, 0% used [0x00000000eab00000,0x00000000eab00000,0x00000000eb780000)
  from space 3072K, 51% used [0x00000000eb780000,0x00000000eb90c010,0x00000000eba80000)
  to   space 3072K, 0% used [0x00000000ec200000,0x00000000ec200000,0x00000000ec500000)
 ParOldGen       total 258560K, used 6714K [0x00000000c0000000, 0x00000000cfc80000, 0x00000000eab00000)
  object space 258560K, 2% used [0x00000000c0000000,0x00000000c068eb70,0x00000000cfc80000)
 Metaspace       used 20905K, capacity 21120K, committed 21248K, reserved 1067008K
  class space    used 2718K, capacity 2801K, committed 2816K, reserved 1048576K
}
Event: 2.164 GC heap before
{Heap before GC invocations=12 (full 1):
 PSYoungGen      total 15872K, used 1584K [0x00000000eab00000, 0x00000000ec500000, 0x0000000100000000)
  eden space 12800K, 0% used [0x00000000eab00000,0x00000000eab00000,0x00000000eb780000)
  from space 3072K, 51% used [0x00000000eb780000,0x00000000eb90c010,0x00000000eba80000)
  to   space 3072K, 0% used [0x00000000ec200000,0x00000000ec200000,0x00000000ec500000)
 ParOldGen       total 258560K, used 6714K [0x00000000c0000000, 0x00000000cfc80000, 0x00000000eab00000)
  object space 258560K, 2% used [0x00000000c0000000,0x00000000c068eb70,0x00000000cfc80000)
 Metaspace       used 20905K, capacity 21120K, committed 21248K, reserved 1067008K
  class space    used 2718K, capacity 2801K, committed 2816K, reserved 1048576K
Event: 2.218 GC heap after
Heap after GC invocations=12 (full 1):
 PSYoungGen      total 15872K, used 0K [0x00000000eab00000, 0x00000000ec500000, 0x0000000100000000)
  eden space 12800K, 0% used [0x00000000eab00000,0x00000000eab00000,0x00000000eb780000)
  from space 3072K, 0% used [0x00000000eb780000,0x00000000eb780000,0x00000000eba80000)
  to   space 3072K, 0% used [0x00000000ec200000,0x00000000ec200000,0x00000000ec500000)
 ParOldGen       total 10240K, used 7130K [0x00000000c0000000, 0x00000000c0a00000, 0x00000000eab00000)
  object space 10240K, 69% used [0x00000000c0000000,0x00000000c06f6888,0x00000000c0a00000)
 Metaspace       used 20905K, capacity 21120K, committed 21248K, reserved 1067008K
  class space    used 2718K, capacity 2801K, committed 2816K, reserved 1048576K
}

