# JRE version: Java(TM) SE Runtime Environment (7.0_45-b18) (build 1.7.0_45-b18)
# Java VM: Java HotSpot(TM) Client VM (24.45-b08 mixed mode windows-x86 )
Heap
 def new generation   total 4928K, used 3548K [0x10010000, 0x10560000, 0x15560000)
  eden space 4416K,  68% used [0x10010000, 0x10307340, 0x10460000)
  from space 512K, 100% used [0x10460000, 0x104e0000, 0x104e0000)
  to   space 512K,   0% used [0x104e0000, 0x104e0000, 0x10560000)
 tenured generation   total 10944K, used 2831K [0x15560000, 0x16010000, 0x20010000)
   the space 10944K,  25% used [0x15560000, 0x15823e50, 0x15824000, 0x16010000)
 compacting perm gen  total 14848K, used 14780K [0x20010000, 0x20e90000, 0x24010000)
   the space 14848K,  99% used [0x20010000, 0x20e7f0d8, 0x20e7f200, 0x20e90000)
GC Heap History (4 events):
Event: 1.578 GC heap before
{Heap before GC invocations=0 (full 0):
 def new generation   total 4928K, used 4416K [0x10010000, 0x10560000, 0x15560000)
  eden space 4416K, 100% used [0x10010000, 0x10460000, 0x10460000)
  from space 512K,   0% used [0x10460000, 0x10460000, 0x104e0000)
  to   space 512K,   0% used [0x104e0000, 0x104e0000, 0x10560000)
 tenured generation   total 10944K, used 0K [0x15560000, 0x16010000, 0x20010000)
   the space 10944K,   0% used [0x15560000, 0x15560000, 0x15560200, 0x16010000)
 compacting perm gen  total 12288K, used 4016K [0x20010000, 0x20c10000, 0x24010000)
   the space 12288K,  32% used [0x20010000, 0x203fc170, 0x203fc200, 0x20c10000)
No shared spaces configured.
Event: 1.585 GC heap after
Heap after GC invocations=1 (full 0):
 def new generation   total 4928K, used 512K [0x10010000, 0x10560000, 0x15560000)
  eden space 4416K,   0% used [0x10010000, 0x10010000, 0x10460000)
  from space 512K, 100% used [0x104e0000, 0x10560000, 0x10560000)
  to   space 512K,   0% used [0x10460000, 0x10460000, 0x104e0000)
 tenured generation   total 10944K, used 1964K [0x15560000, 0x16010000, 0x20010000)
   the space 10944K,  17% used [0x15560000, 0x1574b278, 0x1574b400, 0x16010000)
 compacting perm gen  total 12288K, used 4016K [0x20010000, 0x20c10000, 0x24010000)
   the space 12288K,  32% used [0x20010000, 0x203fc170, 0x203fc200, 0x20c10000)
No shared spaces configured.
}
Event: 2.210 GC heap before
{Heap before GC invocations=1 (full 0):
 def new generation   total 4928K, used 4928K [0x10010000, 0x10560000, 0x15560000)
  eden space 4416K, 100% used [0x10010000, 0x10460000, 0x10460000)
  from space 512K, 100% used [0x104e0000, 0x10560000, 0x10560000)
  to   space 512K,   0% used [0x10460000, 0x10460000, 0x104e0000)
 tenured generation   total 10944K, used 1964K [0x15560000, 0x16010000, 0x20010000)
   the space 10944K,  17% used [0x15560000, 0x1574b278, 0x1574b400, 0x16010000)
 compacting perm gen  total 12288K, used 9324K [0x20010000, 0x20c10000, 0x24010000)
   the space 12288K,  75% used [0x20010000, 0x2092b1c8, 0x2092b200, 0x20c10000)
No shared spaces configured.
Event: 2.216 GC heap after
Heap after GC invocations=2 (full 0):
 def new generation   total 4928K, used 512K [0x10010000, 0x10560000, 0x15560000)
  eden space 4416K,   0% used [0x10010000, 0x10010000, 0x10460000)
  from space 512K, 100% used [0x10460000, 0x104e0000, 0x104e0000)
  to   space 512K,   0% used [0x104e0000, 0x104e0000, 0x10560000)
 tenured generation   total 10944K, used 2831K [0x15560000, 0x16010000, 0x20010000)
   the space 10944K,  25% used [0x15560000, 0x15823e50, 0x15824000, 0x16010000)
 compacting perm gen  total 12288K, used 9324K [0x20010000, 0x20c10000, 0x24010000)
   the space 12288K,  75% used [0x20010000, 0x2092b1c8, 0x2092b200, 0x20c10000)
No shared spaces configured.
}

